Started on Sep 3, 2021 11:12:09 AM
Started by event from 140.82.115.155 ⇒ http://3.109.59.196:8080/github-webhook/ on Fri Sep 03 11:12:09 UTC 2021
Using strategy: Default
[poll] Last Built Revision: Revision 66b844c1b50bfc41dfe29edc27afd27dfec0aba0 (refs/remotes/origin/master)
The recommended git tool is: git
No credentials specified
 > git --version # timeout=10
 > git --version # 'git version 2.25.1'
 > git ls-remote -h -- https://github.com/lakshmi4025/selenium-Jenkinspipeline.git # timeout=10
Found 1 remote heads on https://github.com/lakshmi4025/selenium-Jenkinspipeline.git
[poll] Latest remote head revision on refs/heads/master is: f4d7c62a03b3e00aea0d1b011aa8563c40cb3402
Using strategy: Default
[poll] Last Built Revision: Revision 66b844c1b50bfc41dfe29edc27afd27dfec0aba0 (refs/remotes/origin/master)
The recommended git tool is: git
No credentials specified
 > git --version # timeout=10
 > git --version # 'git version 2.25.1'
 > git ls-remote -h -- https://github.com/lakshmi4025/selenium-Jenkinspipeline.git # timeout=10
Found 1 remote heads on https://github.com/lakshmi4025/selenium-Jenkinspipeline.git
[poll] Latest remote head revision on refs/heads/master is: f4d7c62a03b3e00aea0d1b011aa8563c40cb3402
Done. Took 0.57 sec
Changes found
