Started on Aug 25, 2021 6:29:25 AM
Started by event from 140.82.115.246 ⇒ http://3.109.59.196:8080/github-webhook/ on Wed Aug 25 06:29:25 UTC 2021
Using strategy: Default
[poll] Last Built Revision: Revision e31f010e232b418dfbd7a22b664566e0f2b35b45 (refs/remotes/origin/master)
The recommended git tool is: git
No credentials specified
 > git --version # timeout=10
 > git --version # 'git version 2.25.1'
 > git ls-remote -h -- https://github.com/lakshmi4025/selenium-Jenkinspipeline.git # timeout=10
Found 1 remote heads on https://github.com/lakshmi4025/selenium-Jenkinspipeline.git
[poll] Latest remote head revision on refs/heads/master is: 58aa2facf7d254afb1d7d041607e3482bfb26714
Using strategy: Default
[poll] Last Built Revision: Revision 8be5b4db12b8607f22f8aa0309c34cd8f07b8a8e (refs/remotes/origin/master)
The recommended git tool is: NONE
No credentials specified
 > git --version # timeout=10
 > git --version # 'git version 2.25.1'
 > git ls-remote -h -- https://github.com/puneetbhatia77/selenium-Jenkinspipeline # timeout=10
Found 1 remote heads on https://github.com/puneetbhatia77/selenium-Jenkinspipeline
[poll] Latest remote head revision on refs/heads/master is: 8be5b4db12b8607f22f8aa0309c34cd8f07b8a8e - already built by 10
Done. Took 0.55 sec
Changes found
