Started on Sep 3, 2021 11:01:30 AM
Started by event from 140.82.115.251 ⇒ http://3.109.59.196:8080/github-webhook/ on Fri Sep 03 11:01:30 UTC 2021
Using strategy: Default
[poll] Last Built Revision: Revision 0577d27100313d1d7fc113f9507243b89bd17176 (refs/remotes/origin/master)
The recommended git tool is: git
No credentials specified
 > git --version # timeout=10
 > git --version # 'git version 2.25.1'
 > git ls-remote -h -- https://github.com/lakshmi4025/selenium-Jenkinspipeline.git # timeout=10
Found 1 remote heads on https://github.com/lakshmi4025/selenium-Jenkinspipeline.git
[poll] Latest remote head revision on refs/heads/master is: 66b844c1b50bfc41dfe29edc27afd27dfec0aba0
Using strategy: Default
[poll] Last Built Revision: Revision 0577d27100313d1d7fc113f9507243b89bd17176 (refs/remotes/origin/master)
The recommended git tool is: git
No credentials specified
 > git --version # timeout=10
 > git --version # 'git version 2.25.1'
 > git ls-remote -h -- https://github.com/lakshmi4025/selenium-Jenkinspipeline.git # timeout=10
Found 1 remote heads on https://github.com/lakshmi4025/selenium-Jenkinspipeline.git
[poll] Latest remote head revision on refs/heads/master is: 66b844c1b50bfc41dfe29edc27afd27dfec0aba0
Done. Took 0.55 sec
Changes found
